[    2749ms] [ERROR] Failed to load resource: the server responded with a status of 500 (Internal Server Error) @ http://127.0.0.1:3000/features:0
[    2839ms] [INFO] %cDownload the React DevTools for a better development experience: https://react.dev/link/react-devtools font-weight:bold @ webpack-internal:///(pages-dir-browser)/./node_modules/react-dom/cjs/react-dom-client.development.js:28004
[    2947ms] SyntaxError: Unexpected end of JSON input
    at JSON.parse (<anonymous>)
    at loadManifest (file://C:\Users\bahro\Desktop\nct-navigator-front\node_modules\next\dist\server\load-manifest.external.js:54:25)
    at loadManifestFromRelativePath (file://C:\Users\bahro\Desktop\nct-navigator-front\node_modules\next\dist\server\load-manifest.external.js:111:12)
    at AppPageRouteModule.loadManifests (file://C:\Users\bahro\Desktop\nct-navigator-front\node_modules\next\dist\compiled\next-server\app-page.runtime.dev.js:71:35446)
    at AppPageRouteModule.prepare (file://C:\Users\bahro\Desktop\nct-navigator-front\node_modules\next\dist\compiled\next-server\app-page.runtime.dev.js:71:43536)
    at process.processTicksAndRejections (node:internal/process/task_queues:105:5)
    at async Module.handler (webpack-internal:///(rsc)/./node_modules/next/dist/build/webpack/loaders/next-app-loader/index.js?name=app%2Ffeatures%2Fpage&page=%2Ffeatures%2Fpage&appPaths=%2Ffeatures%2Fpage&allNormalizedAppPaths=&pagePath=private-next-app-dir%2Ffeatures%2Fpage.tsx&appDir=C%3A%5CUsers%5Cbahro%5CDesktop%5Cnct-navigator-front%5Csrc%5Capp&pageExtensions=tsx&pageExtensions=ts&pageExtensions=jsx&pageExtensions=js&rootDir=C%3A%5CUsers%5Cbahro%5CDesktop%5Cnct-navigator-front&isDev=true&tsconfigPath=&basePath=&assetPrefix=&nextConfigOutput=&preferredRegion=&middlewareConfig=e30%3D&isGlobalNotFoundEnabled=!:231:27)
    at async DevServer.renderToResponseWithComponentsImpl (file://C:\Users\bahro\Desktop\nct-navigator-front\node_modules\next\dist\server\base-server.js:1462:9)
    at async DevServer.renderPageComponent (file://C:\Users\bahro\Desktop\nct-navigator-front\node_modules\next\dist\server\base-server.js:1514:24)
    at async DevServer.renderToResponseImpl (file://C:\Users\bahro\Desktop\nct-navigator-front\node_modules\next\dist\server\base-server.js:1564:32)
    at async DevServer.pipeImpl (file://C:\Users\bahro\Desktop\nct-navigator-front\node_modules\next\dist\server\base-server.js:1044:25)
    at async NextNodeServer.handleCatchallRenderRequest (file://C:\Users\bahro\Desktop\nct-navigator-front\node_modules\next\dist\server\next-server.js:338:17)
    at async DevServer.handleRequestImpl (file://C:\Users\bahro\Desktop\nct-navigator-front\node_modules\next\dist\server\base-server.js:935:17)
    at async (file://C:\Users\bahro\Desktop\nct-navigator-front\node_modules\next\dist\server\dev\next-dev-server.js:394:20)
    at async Span.traceAsyncFn (file://C:\Users\bahro\Desktop\nct-navigator-front\node_modules\next\dist\trace\trace.js:164:20)
    at async DevServer.handleRequest (file://C:\Users\bahro\Desktop\nct-navigator-front\node_modules\next\dist\server\dev\next-dev-server.js:390:24)
    at async invokeRender (file://C:\Users\bahro\Desktop\nct-navigator-front\node_modules\next\dist\server\lib\router-server.js:266:21)
    at async handleRequest (file://C:\Users\bahro\Desktop\nct-navigator-front\node_modules\next\dist\server\lib\router-server.js:465:24)
    at async requestHandlerImpl (file://C:\Users\bahro\Desktop\nct-navigator-front\node_modules\next\dist\server\lib\router-server.js:514:13)
    at async Server.requestListener (file://C:\Users\bahro\Desktop\nct-navigator-front\node_modules\next\dist\server\lib\start-server.js:225:13)
[    3279ms] [ERROR] Failed to load resource: the server responded with a status of 403 (Forbidden) @ http://127.0.0.1:3000/__nextjs_original-stack-frames:0
